c:\visual studio 2015\projects\dictionarymain3\dictionarymain3\debug\dictionarymain3.pch.codeanalysis
c:\visual studio 2015\projects\dictionarymain3\dictionarymain3\debug\vc140.pdb
c:\visual studio 2015\projects\dictionarymain3\dictionarymain3\debug\vc140.idb
c:\visual studio 2015\projects\dictionarymain3\dictionarymain3\debug\dictionarymain3.pch.codeanalysisast
c:\visual studio 2015\projects\dictionarymain3\dictionarymain3\debug\stdafx.nativecodeanalysis.xml
c:\visual studio 2015\projects\dictionarymain3\dictionarymain3\debug\stdafx.obj
c:\visual studio 2015\projects\dictionarymain3\dictionarymain3\debug\dictionary3.nativecodeanalysis.xml
c:\visual studio 2015\projects\dictionarymain3\dictionarymain3\debug\dictionarymain3.nativecodeanalysis.xml
c:\visual studio 2015\projects\dictionarymain3\dictionarymain3\debug\list.nativecodeanalysis.xml
c:\visual studio 2015\projects\dictionarymain3\dictionarymain3\debug\list.obj
c:\visual studio 2015\projects\dictionarymain3\dictionarymain3\debug\dictionarymain3.obj
c:\visual studio 2015\projects\dictionarymain3\dictionarymain3\debug\dictionary3.obj
c:\visual studio 2015\projects\dictionarymain3\debug\dictionarymain3.ilk
c:\visual studio 2015\projects\dictionarymain3\debug\dictionarymain3.exe
c:\visual studio 2015\projects\dictionarymain3\debug\dictionarymain3.pdb
c:\visual studio 2015\projects\dictionarymain3\dictionarymain3\debug\nativecodeanalysis.read.1.tlog
c:\visual studio 2015\projects\dictionarymain3\dictionarymain3\debug\vc.nativecodeanalysis.all.xml
c:\visual studio 2015\projects\dictionarymain3\debug\dictionarymain3.exe.lastcodeanalysissucceeded
c:\visual studio 2015\projects\dictionarymain3\dictionarymain3\debug\dictionarymain3.tlog\cl.command.1.tlog
c:\visual studio 2015\projects\dictionarymain3\dictionarymain3\debug\dictionarymain3.tlog\cl.read.1.tlog
c:\visual studio 2015\projects\dictionarymain3\dictionarymain3\debug\dictionarymain3.tlog\cl.write.1.tlog
c:\visual studio 2015\projects\dictionarymain3\dictionarymain3\debug\dictionarymain3.tlog\link.command.1.tlog
c:\visual studio 2015\projects\dictionarymain3\dictionarymain3\debug\dictionarymain3.tlog\link.read.1.tlog
c:\visual studio 2015\projects\dictionarymain3\dictionarymain3\debug\dictionarymain3.tlog\link.write.1.tlog
